Calculating 5 bins of equal_size
Bins have been saved to tomo_lensing.dat
sig_ep^2 =  0.23
n_g =  [[1.19105026e+08 1.14729559e+08 4.79063899e+07 1.74947572e+07
  6.22262149e+06]]
num dens =  [[3.86213760e-09 4.00942880e-09 9.60205937e-09 2.62935916e-08
  7.39238278e-08]]
Getting fiducial C_ells
Fiducial C_ells and orderings saved in Cl_fid.dat and ordering_fid.dat

Reusing old covmats
Calculating derivatives
Calculating om_m derivative
Changing paramater om_m from 3.000000e-01 by -1 * 3.000000e-02
Changing paramater om_m from 3.000000e-01 by 1 * 3.000000e-02

Calculating w0 derivative
Changing paramater w0 from -9.000000e-01 by -1 * 9.000000e-02
Changing paramater w0 from -9.000000e-01 by 1 * 9.000000e-02

Calculating h0 derivative
Changing paramater h0 from 7.200000e-01 by -1 * 7.200000e-02
Changing paramater h0 from 7.200000e-01 by 1 * 7.200000e-02

Calculating A_s derivative
Changing paramater A_s from 2.100000e-09 by -1 * 2.100000e-10
-1
pyccl.Cosmology(Omega_c=0.3, Omega_b=0.04, h=0.72, n_s=0.96, sigma8=None, A_s=1.8900000000000003e-09, Omega_k=0.0, Omega_g=None, Neff=3.046, w0=-0.9, wa=0.0, bcm_log10Mc=14.079181246047625, bcm_etab=0.5, bcm_ks=55.0, m_nu=0.0, mnu_type=None, z_mg=None, df_mg=None, transfer_function='boltzmann_class', matter_power_spectrum='halofit', baryons_power_spectrum='nobaryons', mass_function='tinker10', halo_concentration='duffy2008', emulator_neutrinos='strict')
Changing paramater A_s from 2.100000e-09 by 1 * 2.100000e-10
1
pyccl.Cosmology(Omega_c=0.3, Omega_b=0.04, h=0.72, n_s=0.96, sigma8=None, A_s=2.31e-09, Omega_k=0.0, Omega_g=None, Neff=3.046, w0=-0.9, wa=0.0, bcm_log10Mc=14.079181246047625, bcm_etab=0.5, bcm_ks=55.0, m_nu=0.0, mnu_type=None, z_mg=None, df_mg=None, transfer_function='boltzmann_class', matter_power_spectrum='halofit', baryons_power_spectrum='nobaryons', mass_function='tinker10', halo_concentration='duffy2008', emulator_neutrinos='strict')

Calculating om_b derivative
Changing paramater om_b from 4.000000e-02 by -1 * 4.000000e-03
Changing paramater om_b from 4.000000e-02 by 1 * 4.000000e-03

Calculating n_s derivative
Changing paramater n_s from 9.600000e-01 by -1 * 9.600000e-02
Changing paramater n_s from 9.600000e-01 by 1 * 9.600000e-02

Calculating wa derivative
Changing paramater wa from 0.000000e+00 by -1 * 9.000000e-02
Changing paramater wa from 0.000000e+00 by 1 * 9.000000e-02

Done calculating derivatives

Caclulating Fisher Matrix
[[ 3.67864976e-24 -3.69307878e-25  2.21323029e-24  0.00000000e+00
   3.68019033e-24  0.00000000e+00 -9.28978906e-26]
 [-3.69307878e-25  3.73592405e-26 -2.21305080e-25  0.00000000e+00
  -3.69463296e-25  0.00000000e+00  9.39951636e-27]
 [ 2.21323029e-24 -2.21305080e-25  1.33562830e-24  0.00000000e+00
   2.21414297e-24  0.00000000e+00 -5.57305798e-26]
 [ 0.00000000e+00  0.00000000e+00  0.00000000e+00  0.00000000e+00
   0.00000000e+00  0.00000000e+00  0.00000000e+00]
 [ 3.68019033e-24 -3.69463296e-25  2.21414297e-24  0.00000000e+00
   3.68173662e-24  0.00000000e+00 -9.29361866e-26]
 [ 0.00000000e+00  0.00000000e+00  0.00000000e+00  0.00000000e+00
   0.00000000e+00  0.00000000e+00  0.00000000e+00]
 [-9.28978906e-26  9.39951636e-27 -5.57305798e-26  0.00000000e+00
  -9.29361866e-26  0.00000000e+00  2.36996895e-27]]
Done. Fisher matrix has been saved to fisher_out.dat

Calculating DETF Figure of Merit
Traceback (most recent call last):
  File "Fisher_Forecaster.py", line 337, in <module>
    F.run_fisher_pipeline()
  File "Fisher_Forecaster.py", line 326, in run_fisher_pipeline
    self.get_fom()
  File "Fisher_Forecaster.py", line 292, in get_fom
    cov = np.linalg.inv(self.fisher)
  File "<__array_function__ internals>", line 6, in inv
  File "/home/nbhandar/usr/anaconda3/envs/ccl3/lib/python3.7/site-packages/numpy/linalg/linalg.py", line 551, in inv
    ainv = _umath_linalg.inv(a, signature=signature, extobj=extobj)
  File "/home/nbhandar/usr/anaconda3/envs/ccl3/lib/python3.7/site-packages/numpy/linalg/linalg.py", line 97, in _raise_linalgerror_singular
    raise LinAlgError("Singular matrix")
numpy.linalg.LinAlgError: Singular matrix
